0 info it worked if it ends with ok
1 verbose cli [ 'C:\\Program Files (x86)\\nodejs\\node.exe',
1 verbose cli   'C:\\Program Files (x86)\\nodejs\\node_modules\\npm\\bin\\npm-cli.js',
1 verbose cli   'run',
1 verbose cli   'electron' ]
2 info using npm@3.10.10
3 info using node@v6.9.4
4 verbose run-script [ 'preelectron', 'electron', 'postelectron' ]
5 info lifecycle videoinfo@1.0.0~preelectron: videoinfo@1.0.0
6 silly lifecycle videoinfo@1.0.0~preelectron: no script for preelectron, continuing
7 info lifecycle videoinfo@1.0.0~electron: videoinfo@1.0.0
8 verbose lifecycle videoinfo@1.0.0~electron: unsafe-perm in lifecycle true
9 verbose lifecycle videoinfo@1.0.0~electron: PATH: C:\Program Files (x86)\nodejs\node_modules\npm\bin\node-gyp-bin;C:\Users\Jimmy\Git\Training\UdemyElectron\videoinfo\node_modules\.bin;%SystemRoot%\system32\WindowsPowerShell\v1.0\;C:\ProgramData\Oracle\Java\javapath;C:\Program Files\Common Files\Microsoft Shared\Windows Live;C:\Program Files (x86)\Common Files\Microsoft Shared\Windows Live;C:\Windows\system32;C:\Windows;C:\Windows\System32\Wbem;C:\Program Files (x86)\Windows Live\Shared;C:\Program Files\Microsoft SQL Server\110\Tools\Binn\;C:\Program Files\Microsoft\Web Platform Installer\;C:\Program Files (x86)\Microsoft ASP.NET\ASP.NET Web Pages\v1.0\;C:\Program Files (x86)\Microsoft SDKs\Windows Azure\CLI\wbin;C:\Windows\System32\WindowsPowerShell\v1.0\;C:\Windows\System32\WindowsPowerShell\v1.0\;C:\Program Files (x86)\GtkSharp\2.12\bin;C:\Program Files\Microsoft SQL Server\120\Tools\Binn\;C:\Program Files\Microsoft SQL Server\130\Tools\Binn\;C:\Program Files (x86)\NVIDIA Corporation\PhysX\Common;C:\Program Files\Common Files\Autodesk Shared\;C:\Program Files (x86)\nodejs\;C:\Program Files (x86)\Windows Kits\10\Windows Performance Toolkit\;C:\Program Files\dotnet\;C:\Program Files (x86)\Autodesk\Backburner\;C:\Program Files\Git\cmd;C:\Program Files (x86)\Skype\Phone\;C:\Users\Jimmy\AppData\Local\Programs\Python\Python35\Scripts\;C:\Users\Jimmy\AppData\Local\Programs\Python\Python35\;C:\Users\Jimmy\.dnx\runtimes\dnx-clr-win-x86.1.0.0-rc1-update2\bin;C:\Users\Jimmy\.dnx\bin;C:\Users\Jimmy\Anaconda2;C:\Users\Jimmy\Anaconda2\Scripts;C:\Users\Jimmy\Anaconda2\Library\bin;C:\Users\Jimmy\Anaconda3;C:\Users\Jimmy\Anaconda3\Scripts;C:\Users\Jimmy\Anaconda3\Library\bin;C:\Users\Jimmy\AppData\Roaming\npm;C:\Program Files (x86)\Microsoft VS Code\bin;C:\Program Files\Heroku\bin;C:\ffmpeg\bin
10 verbose lifecycle videoinfo@1.0.0~electron: CWD: C:\Users\Jimmy\Git\Training\UdemyElectron\videoinfo
11 silly lifecycle videoinfo@1.0.0~electron: Args: [ '/d /s /c', 'electron .' ]
12 silly lifecycle videoinfo@1.0.0~electron: Returned: code: 3221225786  signal: null
13 info lifecycle videoinfo@1.0.0~electron: Failed to exec electron script
14 verbose stack Error: videoinfo@1.0.0 electron: `electron .`
14 verbose stack Exit status 3221225786
14 verbose stack     at EventEmitter.<anonymous> (C:\Program Files (x86)\nodejs\node_modules\npm\lib\utils\lifecycle.js:255:16)
14 verbose stack     at emitTwo (events.js:106:13)
14 verbose stack     at EventEmitter.emit (events.js:191:7)
14 verbose stack     at ChildProcess.<anonymous> (C:\Program Files (x86)\nodejs\node_modules\npm\lib\utils\spawn.js:40:14)
14 verbose stack     at emitTwo (events.js:106:13)
14 verbose stack     at ChildProcess.emit (events.js:191:7)
14 verbose stack     at maybeClose (internal/child_process.js:877:16)
14 verbose stack     at Process.ChildProcess._handle.onexit (internal/child_process.js:226:5)
15 verbose pkgid videoinfo@1.0.0
16 verbose cwd C:\Users\Jimmy\Git\Training\UdemyElectron\videoinfo
17 error Windows_NT 6.1.7601
18 error argv "C:\\Program Files (x86)\\nodejs\\node.exe" "C:\\Program Files (x86)\\nodejs\\node_modules\\npm\\bin\\npm-cli.js" "run" "electron"
19 error node v6.9.4
20 error npm  v3.10.10
21 error code ELIFECYCLE
22 error videoinfo@1.0.0 electron: `electron .`
22 error Exit status 3221225786
23 error Failed at the videoinfo@1.0.0 electron script 'electron .'.
23 error Make sure you have the latest version of node.js and npm installed.
23 error If you do, this is most likely a problem with the videoinfo package,
23 error not with npm itself.
23 error Tell the author that this fails on your system:
23 error     electron .
23 error You can get information on how to open an issue for this project with:
23 error     npm bugs videoinfo
23 error Or if that isn't available, you can get their info via:
23 error     npm owner ls videoinfo
23 error There is likely additional logging output above.
24 verbose exit [ 1, true ]
